{"E:\\Devops\\my-js-project\\app1.js": {"path":"E:\\Devops\\my-js-project\\app1.js","statementMap":{"0":{"start":{"line":3,"column":19},"end":{"line":3,"column":36}},"1":{"start":{"line":6,"column":4},"end":{"line":6,"column":22}},"2":{"start":{"line":9,"column":0},"end":{"line":11,"column":1}},"3":{"start":{"line":10,"column":4},"end":{"line":10,"column":49}},"4":{"start":{"line":14,"column":15},"end":{"line":14,"column":16}},"5":{"start":{"line":15,"column":4},"end":{"line":18,"column":5}},"6":{"start":{"line":15,"column":17},"end":{"line":15,"column":18}},"7":{"start":{"line":16,"column":8},"end":{"line":16,"column":55}},"8":{"start":{"line":17,"column":8},"end":{"line":17,"column":18}},"9":{"start":{"line":19,"column":4},"end":{"line":19,"column":29}},"10":{"start":{"line":23,"column":4},"end":{"line":23,"column":40}},"11":{"start":{"line":23,"column":27},"end":{"line":23,"column":40}},"12":{"start":{"line":24,"column":4},"end":{"line":24,"column":43}},"13":{"start":{"line":24,"column":30},"end":{"line":24,"column":43}},"14":{"start":{"line":25,"column":4},"end":{"line":25,"column":44}},"15":{"start":{"line":25,"column":31},"end":{"line":25,"column":44}},"16":{"start":{"line":26,"column":4},"end":{"line":26,"column":47}},"17":{"start":{"line":26,"column":34},"end":{"line":26,"column":47}},"18":{"start":{"line":27,"column":4},"end":{"line":27,"column":52}},"19":{"start":{"line":27,"column":39},"end":{"line":27,"column":52}},"20":{"start":{"line":28,"column":4},"end":{"line":28,"column":49}},"21":{"start":{"line":28,"column":36},"end":{"line":28,"column":49}},"22":{"start":{"line":29,"column":4},"end":{"line":29,"column":51}},"23":{"start":{"line":29,"column":38},"end":{"line":29,"column":51}},"24":{"start":{"line":30,"column":4},"end":{"line":30,"column":60}},"25":{"start":{"line":30,"column":47},"end":{"line":30,"column":60}},"26":{"start":{"line":31,"column":4},"end":{"line":31,"column":60}},"27":{"start":{"line":31,"column":47},"end":{"line":31,"column":60}},"28":{"start":{"line":32,"column":4},"end":{"line":32,"column":16}},"29":{"start":{"line":36,"column":4},"end":{"line":36,"column":40}},"30":{"start":{"line":36,"column":27},"end":{"line":36,"column":40}},"31":{"start":{"line":37,"column":4},"end":{"line":37,"column":43}},"32":{"start":{"line":37,"column":30},"end":{"line":37,"column":43}},"33":{"start":{"line":38,"column":4},"end":{"line":38,"column":44}},"34":{"start":{"line":38,"column":31},"end":{"line":38,"column":44}},"35":{"start":{"line":39,"column":4},"end":{"line":39,"column":47}},"36":{"start":{"line":39,"column":34},"end":{"line":39,"column":47}},"37":{"start":{"line":40,"column":4},"end":{"line":40,"column":52}},"38":{"start":{"line":40,"column":39},"end":{"line":40,"column":52}},"39":{"start":{"line":41,"column":4},"end":{"line":41,"column":49}},"40":{"start":{"line":41,"column":36},"end":{"line":41,"column":49}},"41":{"start":{"line":42,"column":4},"end":{"line":42,"column":51}},"42":{"start":{"line":42,"column":38},"end":{"line":42,"column":51}},"43":{"start":{"line":43,"column":4},"end":{"line":43,"column":60}},"44":{"start":{"line":43,"column":47},"end":{"line":43,"column":60}},"45":{"start":{"line":44,"column":4},"end":{"line":44,"column":60}},"46":{"start":{"line":44,"column":47},"end":{"line":44,"column":60}},"47":{"start":{"line":45,"column":4},"end":{"line":45,"column":16}},"48":{"start":{"line":48,"column":19},"end":{"line":48,"column":31}},"49":{"start":{"line":51,"column":4},"end":{"line":51,"column":24}},"50":{"start":{"line":55,"column":4},"end":{"line":57,"column":5}},"51":{"start":{"line":56,"column":8},"end":{"line":56,"column":27}},"52":{"start":{"line":58,"column":4},"end":{"line":58,"column":13}},"53":{"start":{"line":62,"column":4},"end":{"line":74,"column":5}},"54":{"start":{"line":63,"column":8},"end":{"line":73,"column":9}},"55":{"start":{"line":64,"column":12},"end":{"line":72,"column":13}},"56":{"start":{"line":65,"column":16},"end":{"line":71,"column":17}},"57":{"start":{"line":66,"column":20},"end":{"line":70,"column":21}},"58":{"start":{"line":67,"column":24},"end":{"line":69,"column":25}},"59":{"start":{"line":68,"column":28},"end":{"line":68,"column":50}},"60":{"start":{"line":75,"column":4},"end":{"line":75,"column":20}},"61":{"start":{"line":78,"column":0},"end":{"line":86,"column":2}}},"fnMap":{"0":{"name":"runDynamicCode","decl":{"start":{"line":5,"column":9},"end":{"line":5,"column":23}},"loc":{"start":{"line":5,"column":30},"end":{"line":7,"column":1}},"line":5},"1":{"name":"hashData","decl":{"start":{"line":13,"column":9},"end":{"line":13,"column":17}},"loc":{"start":{"line":13,"column":24},"end":{"line":20,"column":1}},"line":13},"2":{"name":"validateUser1","decl":{"start":{"line":22,"column":9},"end":{"line":22,"column":22}},"loc":{"start":{"line":22,"column":34},"end":{"line":33,"column":1}},"line":22},"3":{"name":"validateUser2","decl":{"start":{"line":35,"column":9},"end":{"line":35,"column":22}},"loc":{"start":{"line":35,"column":34},"end":{"line":46,"column":1}},"line":35},"4":{"name":"unusedParam","decl":{"start":{"line":50,"column":9},"end":{"line":50,"column":20}},"loc":{"start":{"line":50,"column":42},"end":{"line":52,"column":1}},"line":50},"5":{"name":"processData","decl":{"start":{"line":54,"column":9},"end":{"line":54,"column":20}},"loc":{"start":{"line":54,"column":27},"end":{"line":59,"column":1}},"line":54},"6":{"name":"complexLogic","decl":{"start":{"line":61,"column":9},"end":{"line":61,"column":21}},"loc":{"start":{"line":61,"column":29},"end":{"line":76,"column":1}},"line":61}},"branchMap":{"0":{"loc":{"start":{"line":9,"column":0},"end":{"line":11,"column":1}},"type":"if","locations":[{"start":{"line":9,"column":0},"end":{"line":11,"column":1}},{"start":{},"end":{}}],"line":9},"1":{"loc":{"start":{"line":23,"column":4},"end":{"line":23,"column":40}},"type":"if","locations":[{"start":{"line":23,"column":4},"end":{"line":23,"column":40}},{"start":{},"end":{}}],"line":23},"2":{"loc":{"start":{"line":24,"column":4},"end":{"line":24,"column":43}},"type":"if","locations":[{"start":{"line":24,"column":4},"end":{"line":24,"column":43}},{"start":{},"end":{}}],"line":24},"3":{"loc":{"start":{"line":25,"column":4},"end":{"line":25,"column":44}},"type":"if","locations":[{"start":{"line":25,"column":4},"end":{"line":25,"column":44}},{"start":{},"end":{}}],"line":25},"4":{"loc":{"start":{"line":26,"column":4},"end":{"line":26,"column":47}},"type":"if","locations":[{"start":{"line":26,"column":4},"end":{"line":26,"column":47}},{"start":{},"end":{}}],"line":26},"5":{"loc":{"start":{"line":27,"column":4},"end":{"line":27,"column":52}},"type":"if","locations":[{"start":{"line":27,"column":4},"end":{"line":27,"column":52}},{"start":{},"end":{}}],"line":27},"6":{"loc":{"start":{"line":28,"column":4},"end":{"line":28,"column":49}},"type":"if","locations":[{"start":{"line":28,"column":4},"end":{"line":28,"column":49}},{"start":{},"end":{}}],"line":28},"7":{"loc":{"start":{"line":29,"column":4},"end":{"line":29,"column":51}},"type":"if","locations":[{"start":{"line":29,"column":4},"end":{"line":29,"column":51}},{"start":{},"end":{}}],"line":29},"8":{"loc":{"start":{"line":30,"column":4},"end":{"line":30,"column":60}},"type":"if","locations":[{"start":{"line":30,"column":4},"end":{"line":30,"column":60}},{"start":{},"end":{}}],"line":30},"9":{"loc":{"start":{"line":31,"column":4},"end":{"line":31,"column":60}},"type":"if","locations":[{"start":{"line":31,"column":4},"end":{"line":31,"column":60}},{"start":{},"end":{}}],"line":31},"10":{"loc":{"start":{"line":36,"column":4},"end":{"line":36,"column":40}},"type":"if","locations":[{"start":{"line":36,"column":4},"end":{"line":36,"column":40}},{"start":{},"end":{}}],"line":36},"11":{"loc":{"start":{"line":37,"column":4},"end":{"line":37,"column":43}},"type":"if","locations":[{"start":{"line":37,"column":4},"end":{"line":37,"column":43}},{"start":{},"end":{}}],"line":37},"12":{"loc":{"start":{"line":38,"column":4},"end":{"line":38,"column":44}},"type":"if","locations":[{"start":{"line":38,"column":4},"end":{"line":38,"column":44}},{"start":{},"end":{}}],"line":38},"13":{"loc":{"start":{"line":39,"column":4},"end":{"line":39,"column":47}},"type":"if","locations":[{"start":{"line":39,"column":4},"end":{"line":39,"column":47}},{"start":{},"end":{}}],"line":39},"14":{"loc":{"start":{"line":40,"column":4},"end":{"line":40,"column":52}},"type":"if","locations":[{"start":{"line":40,"column":4},"end":{"line":40,"column":52}},{"start":{},"end":{}}],"line":40},"15":{"loc":{"start":{"line":41,"column":4},"end":{"line":41,"column":49}},"type":"if","locations":[{"start":{"line":41,"column":4},"end":{"line":41,"column":49}},{"start":{},"end":{}}],"line":41},"16":{"loc":{"start":{"line":42,"column":4},"end":{"line":42,"column":51}},"type":"if","locations":[{"start":{"line":42,"column":4},"end":{"line":42,"column":51}},{"start":{},"end":{}}],"line":42},"17":{"loc":{"start":{"line":43,"column":4},"end":{"line":43,"column":60}},"type":"if","locations":[{"start":{"line":43,"column":4},"end":{"line":43,"column":60}},{"start":{},"end":{}}],"line":43},"18":{"loc":{"start":{"line":44,"column":4},"end":{"line":44,"column":60}},"type":"if","locations":[{"start":{"line":44,"column":4},"end":{"line":44,"column":60}},{"start":{},"end":{}}],"line":44},"19":{"loc":{"start":{"line":55,"column":4},"end":{"line":57,"column":5}},"type":"if","locations":[{"start":{"line":55,"column":4},"end":{"line":57,"column":5}},{"start":{},"end":{}}],"line":55},"20":{"loc":{"start":{"line":55,"column":8},"end":{"line":55,"column":37}},"type":"binary-expr","locations":[{"start":{"line":55,"column":8},"end":{"line":55,"column":21}},{"start":{"line":55,"column":25},"end":{"line":55,"column":37}}],"line":55},"21":{"loc":{"start":{"line":62,"column":4},"end":{"line":74,"column":5}},"type":"if","locations":[{"start":{"line":62,"column":4},"end":{"line":74,"column":5}},{"start":{},"end":{}}],"line":62},"22":{"loc":{"start":{"line":63,"column":8},"end":{"line":73,"column":9}},"type":"if","locations":[{"start":{"line":63,"column":8},"end":{"line":73,"column":9}},{"start":{},"end":{}}],"line":63},"23":{"loc":{"start":{"line":64,"column":12},"end":{"line":72,"column":13}},"type":"if","locations":[{"start":{"line":64,"column":12},"end":{"line":72,"column":13}},{"start":{},"end":{}}],"line":64},"24":{"loc":{"start":{"line":65,"column":16},"end":{"line":71,"column":17}},"type":"if","locations":[{"start":{"line":65,"column":16},"end":{"line":71,"column":17}},{"start":{},"end":{}}],"line":65},"25":{"loc":{"start":{"line":66,"column":20},"end":{"line":70,"column":21}},"type":"if","locations":[{"start":{"line":66,"column":20},"end":{"line":70,"column":21}},{"start":{},"end":{}}],"line":66},"26":{"loc":{"start":{"line":67,"column":24},"end":{"line":69,"column":25}},"type":"if","locations":[{"start":{"line":67,"column":24},"end":{"line":69,"column":25}},{"start":{},"end":{}}],"line":67}},"s":{"0":1,"1":1,"2":1,"3":0,"4":1,"5":1,"6":1,"7":4,"8":4,"9":1,"10":1,"11":0,"12":1,"13":0,"14":1,"15":0,"16":1,"17":0,"18":1,"19":0,"20":1,"21":0,"22":1,"23":0,"24":1,"25":1,"26":0,"27":0,"28":0,"29":1,"30":0,"31":1,"32":0,"33":1,"34":0,"35":1,"36":0,"37":1,"38":0,"39":1,"40":0,"41":1,"42":0,"43":1,"44":1,"45":0,"46":0,"47":0,"48":1,"49":1,"50":2,"51":1,"52":1,"53":2,"54":1,"55":1,"56":1,"57":0,"58":0,"59":0,"60":2,"61":1},"f":{"0":1,"1":1,"2":1,"3":1,"4":1,"5":2,"6":2},"b":{"0":[0,1],"1":[0,1],"2":[0,1],"3":[0,1],"4":[0,1],"5":[0,1],"6":[0,1],"7":[0,1],"8":[1,0],"9":[0,0],"10":[0,1],"11":[0,1],"12":[0,1],"13":[0,1],"14":[0,1],"15":[0,1],"16":[0,1],"17":[1,0],"18":[0,0],"19":[1,1],"20":[2,1],"21":[1,1],"22":[1,0],"23":[1,0],"24":[0,1],"25":[0,0],"26":[0,0]},"_coverageSchema":"1a1c01bbd47fc00a2c39e90264f33305004495a9","hash":"b5ec22d46bf9661035c2615f029f1412f22f878e"}
}
