TN:
SF:app1.js
FN:5,runDynamicCode
FN:13,hashData
FN:22,validateUser1
FN:35,validateUser2
FN:50,unusedParam
FN:54,processData
FN:61,complexLogic
FNF:7
FNH:7
FNDA:1,runDynamicCode
FNDA:1,hashData
FNDA:1,validateUser1
FNDA:1,validateUser2
FNDA:1,unusedParam
FNDA:2,processData
FNDA:2,complexLogic
DA:3,1
DA:6,1
DA:9,1
DA:10,0
DA:14,1
DA:15,1
DA:16,4
DA:17,4
DA:19,1
DA:23,1
DA:24,1
DA:25,1
DA:26,1
DA:27,1
DA:28,1
DA:29,1
DA:30,1
DA:31,0
DA:32,0
DA:36,1
DA:37,1
DA:38,1
DA:39,1
DA:40,1
DA:41,1
DA:42,1
DA:43,1
DA:44,0
DA:45,0
DA:48,1
DA:51,1
DA:55,2
DA:56,1
DA:58,1
DA:62,2
DA:63,1
DA:64,1
DA:65,1
DA:66,0
DA:67,0
DA:68,0
DA:75,2
DA:78,1
LF:43
LH:35
BRDA:9,0,0,0
BRDA:9,0,1,1
BRDA:23,1,0,0
BRDA:23,1,1,1
BRDA:24,2,0,0
BRDA:24,2,1,1
BRDA:25,3,0,0
BRDA:25,3,1,1
BRDA:26,4,0,0
BRDA:26,4,1,1
BRDA:27,5,0,0
BRDA:27,5,1,1
BRDA:28,6,0,0
BRDA:28,6,1,1
BRDA:29,7,0,0
BRDA:29,7,1,1
BRDA:30,8,0,1
BRDA:30,8,1,0
BRDA:31,9,0,0
BRDA:31,9,1,0
BRDA:36,10,0,0
BRDA:36,10,1,1
BRDA:37,11,0,0
BRDA:37,11,1,1
BRDA:38,12,0,0
BRDA:38,12,1,1
BRDA:39,13,0,0
BRDA:39,13,1,1
BRDA:40,14,0,0
BRDA:40,14,1,1
BRDA:41,15,0,0
BRDA:41,15,1,1
BRDA:42,16,0,0
BRDA:42,16,1,1
BRDA:43,17,0,1
BRDA:43,17,1,0
BRDA:44,18,0,0
BRDA:44,18,1,0
BRDA:55,19,0,1
BRDA:55,19,1,1
BRDA:55,20,0,2
BRDA:55,20,1,1
BRDA:62,21,0,1
BRDA:62,21,1,1
BRDA:63,22,0,1
BRDA:63,22,1,0
BRDA:64,23,0,1
BRDA:64,23,1,0
BRDA:65,24,0,0
BRDA:65,24,1,1
BRDA:66,25,0,0
BRDA:66,25,1,0
BRDA:67,26,0,0
BRDA:67,26,1,0
BRF:54
BRH:26
end_of_record
